Build started 7/25/2013 10:57:44 AM.
     1>Project "c:\Users\bubble\documents\visual studio 2012\Projects\ConsoleApplication1\ConsoleApplication1\ConsoleApplication1.vcxproj" on node 2 (Build target(s)).
     1>ClCompile:
         C:\Program Files\Microsoft Visual Studio 11.0\VC\bin\CL.exe /c /ZI /nologo /W3 /WX- /Od /Oy- /D WIN32 /D _DEBUG /D _CONSOLE /D _UNICODE /D UNICODE /Gm /EHsc /RTC1 /MDd /GS /fp:precise /Zc:wchar_t /Zc:forScope /Fo"Debug\\" /Fd"Debug\vc110.pdb" /Gd /TP /analyze- /errorReport:prompt EnemyDemon.cpp EnemyDemon2.cpp EnemyKnight.cpp Exit.cpp GameEngine.cpp Player3d.cpp
         EnemyKnight.cpp
         EnemyDemon2.cpp
         EnemyDemon.cpp
     1>c:\users\bubble\documents\visual studio 2012\projects\consoleapplication1\consoleapplication1\enemydemon.cpp(62): warning C4244: '+=' : conversion from 'double' to 'int', possible loss of data
     1>c:\users\bubble\documents\visual studio 2012\projects\consoleapplication1\consoleapplication1\enemydemon.cpp(63): warning C4244: '+=' : conversion from 'double' to 'int', possible loss of data
         Generating Code...
         Skipping... (no relevant changes detected)
         Player3d.cpp
         GameEngine.cpp
         Exit.cpp
       Link:
         C:\Program Files\Microsoft Visual Studio 11.0\VC\bin\link.exe /ERRORREPORT:PROMPT /OUT:"c:\users\bubble\documents\visual studio 2012\Projects\ConsoleApplication1\Debug\ConsoleApplication1.exe" /INCREMENTAL /NOLOGO kernel32.lib user32.lib gdi32.lib winspool.lib comdlg32.lib advapi32.lib shell32.lib ole32.lib oleaut32.lib uuid.lib odbc32.lib odbccp32.lib /MANIFEST /MANIFESTUAC:"level='asInvoker' uiAccess='false'" /manifest:embed /DEBUG /PDB:"c:\users\bubble\documents\visual studio 2012\Projects\ConsoleApplication1\Debug\ConsoleApplication1.pdb" /SUBSYSTEM:CONSOLE /TLBID:1 /DYNAMICBASE /NXCOMPAT /IMPLIB:"c:\users\bubble\documents\visual studio 2012\Projects\ConsoleApplication1\Debug\ConsoleApplication1.lib" /MACHINE:X86 Debug\Draw.obj
         Debug\Draw2.obj
         Debug\Draw3.obj
         Debug\Draw4.obj
         Debug\RayMantaEngine.obj
         Debug\RayMantaImage.obj
         Debug\RayMantaImageBase.obj
         Debug\RayMantaMatrix3.obj
         Debug\RayMantaModel.obj
         Debug\RayMantaPoint.obj
         Debug\RayMantaPolygon.obj
         Debug\RayMantaSphereModel.obj
         Debug\ConsoleApplication1.obj
         Debug\Cube.obj
         Debug\Enemy.obj
         Debug\Enemy3d.obj
         Debug\EnemyDemon.obj
         Debug\EnemyDemon2.obj
         Debug\EnemyKnight.obj
         Debug\Entity.obj
         Debug\Entity3d.obj
         Debug\Exit.obj
         Debug\GameEngine.obj
         Debug\Img.obj
         Debug\ImgSys.obj
         Debug\Player.obj
         Debug\Player3d.obj
         Debug\Skeleton1.obj
         Debug\stdafx.obj
         Debug\tile.obj
         Debug\tile3d.obj
         Debug\util.obj
         Debug\Wall.obj
         SDL.lib
         SDLmain.lib
     1>MSVCRTD.lib(cinitexe.obj) : warning LNK4098: defaultlib 'msvcrt.lib' conflicts with use of other libs; use /NODEFAULTLIB:library
         ConsoleApplication1.vcxproj -> c:\users\bubble\documents\visual studio 2012\Projects\ConsoleApplication1\Debug\ConsoleApplication1.exe
     1>Done Building Project "c:\Users\bubble\documents\visual studio 2012\Projects\ConsoleApplication1\ConsoleApplication1\ConsoleApplication1.vcxproj" (Build target(s)).

Build succeeded.

Time Elapsed 00:00:06.57
